<?xml version="1.0" encoding="UTF-8"?>
<!-- Persistence deployment descriptor for dev profile -->
<persistence version="2.0" xmlns="http://java.sun.com/xml/ns/persistence"
    xmlns:xsi="http://www.w3.org/2001/XMLSchema-instance"
    xsi:schemaLocation="
        http://java.sun.com/xml/ns/persistence
        http://java.sun.com/xml/ns/persistence/persistence_2_0.xsd">

    <persistence-unit name="entityManager" transaction-type="JTA">
       <!--  <provider>org.hibernate.ejb.HibernatePersistence</provider> -->
        <jta-data-source>java:jboss/datasources/photoalbumDatasource</jta-data-source>
        <properties>
            <!-- <property name="hibernate.dialect" value="org.hibernate.dialect.HSQLDialect" /> -->
            <property name="hibernate.hbm2ddl.auto" value="create-drop" />
            <property name="hibernate.show_sql" value="true" />
        </properties>
    </persistence-unit>
</persistence>
